2026-02-15 08:46:20 - INFO - Orchestrator - Starting orchestrator
2026-02-15 08:46:20 - INFO - Orchestrator - Starting modules/1.file_retrieval.py
2026-02-15 08:46:20 - INFO -    Module    - connecting to https://data.nsw.gov.au/data/dataset/fuel-check
2026-02-15 08:46:24 - INFO -    Module    - jan2026 data file already loaded
2026-02-15 08:46:25 - INFO - Orchestrator - Conditions not met in modules/1.file_retrieval.py - Skipping Module
2026-02-15 08:46:25 - INFO - Orchestrator - Starting modules/2.transform_data.py
2026-02-15 08:46:25 - INFO -    Module    - Reading data and logs/fuelcheck_jan2026.csv
2026-02-15 08:46:25 - INFO -    Module    - df_fuel_data has 74525 rows
2026-02-15 08:46:25 - INFO -    Module    - Starting Block Two
2026-02-15 08:46:25 - INFO -    Module    - Starting Block Three
2026-02-15 08:46:26 - INFO -    Module    - Starting Block Four
2026-02-15 08:46:37 - INFO -    Module    - Final output has 256774 rows
2026-02-15 08:46:37 - INFO -    Module    - Inserting values into database
2026-02-15 08:46:49 - INFO -    Module    - pushing file to repo
2026-02-15 08:46:49 - INFO - Orchestrator - Finished modules/2.transform_data.py
2026-02-15 08:46:49 - ERROR - Orchestrator - Module modules/2.transform_data.py failed with exit code 1
2026-02-15 08:46:49 - ERROR - Orchestrator - modules/2.transform_data.py errors before failure:
Traceback (most recent call last):
  File "/home/runner/work/NSW-Fuel-Price-Insights/NSW-Fuel-Price-Insights/modules/2.transform_data.py", line 94, in push_file_to_repo
    subprocess.run(["git", "config", "user.name", "github-actions"], check=True)
    ^^^^^^^^^^
NameError: name 'subprocess' is not defined

During handling of the above exception, another exception occurred:

Traceback (most recent call last):
  File "/home/runner/work/NSW-Fuel-Price-Insights/NSW-Fuel-Price-Insights/modules/2.transform_data.py", line 340, in <module>
    save_config()
  File "/home/runner/work/NSW-Fuel-Price-Insights/NSW-Fuel-Price-Insights/modules/2.transform_data.py", line 115, in save_config
    push_file_to_repo(config_file,f"successful run - configfile updated {datetimestamp}")
  File "/home/runner/work/NSW-Fuel-Price-Insights/NSW-Fuel-Price-Insights/modules/2.transform_data.py", line 105, in push_file_to_repo
    except subprocess.CalledProcessError as e:
           ^^^^^^^^^^
NameError: name 'subprocess' is not defined

