2026-02-15 07:54:57 - INFO - Orchestrator - Starting orchestrator
2026-02-15 07:54:57 - INFO - Orchestrator - Starting modules/1.file_retrieval.py
2026-02-15 07:54:57 - INFO -    Module    - connecting to https://data.nsw.gov.au/data/dataset/fuel-check
2026-02-15 07:55:03 - INFO -    Module    - jan2026 data file already loaded
2026-02-15 07:55:03 - INFO - Orchestrator - Conditions not met in modules/1.file_retrieval.py - Skipping Module
2026-02-15 07:55:03 - INFO - Orchestrator - Starting modules/2.transform_data.py
2026-02-15 07:55:04 - INFO -    Module    - Reading data and logs/fuelcheck_jan2026.csv
2026-02-15 07:55:04 - INFO - Orchestrator - Finished modules/2.transform_data.py
2026-02-15 07:55:04 - ERROR - Orchestrator - Module modules/2.transform_data.py failed with exit code 1
2026-02-15 07:55:04 - ERROR - Orchestrator - modules/2.transform_data.py errors before failure:
Traceback (most recent call last):
  File "/opt/hostedtoolcache/Python/3.11.14/x64/lib/python3.11/site-packages/pandas/core/indexes/base.py", line 3641, in get_loc
    return self._engine.get_loc(casted_key)
           ^^^^^^^^^^^^^^^^^^^^^^^^^^^^^^^^
  File "pandas/_libs/index.pyx", line 168, in pandas._libs.index.IndexEngine.get_loc
  File "pandas/_libs/index.pyx", line 197, in pandas._libs.index.IndexEngine.get_loc
  File "pandas/_libs/hashtable_class_helper.pxi", line 7668, in pandas._libs.hashtable.PyObjectHashTable.get_item
  File "pandas/_libs/hashtable_class_helper.pxi", line 7676, in pandas._libs.hashtable.PyObjectHashTable.get_item
KeyError: 'date'

The above exception was the direct cause of the following exception:

Traceback (most recent call last):
  File "/home/runner/work/NSW-Fuel-Price-Insights/NSW-Fuel-Price-Insights/modules/2.transform_data.py", line 115, in <module>
    df_fuel_data['date'],
    ~~~~~~~~~~~~^^^^^^^^
  File "/opt/hostedtoolcache/Python/3.11.14/x64/lib/python3.11/site-packages/pandas/core/frame.py", line 4378, in __getitem__
    indexer = self.columns.get_loc(key)
              ^^^^^^^^^^^^^^^^^^^^^^^^^
  File "/opt/hostedtoolcache/Python/3.11.14/x64/lib/python3.11/site-packages/pandas/core/indexes/base.py", line 3648, in get_loc
    raise KeyError(key) from err
KeyError: 'date'

